<?xml version="1.0" encoding="UTF-8"?>
<testsuite name="com.example.demo.Demo11ApplicationTests" tests="1" skipped="0" failures="0" errors="0" timestamp="2025-03-19T02:31:41.141Z" hostname="DESKTOP-A7P8PNJ" time="0.328">
  <properties/>
  <testcase name="contextLoads()" classname="com.example.demo.Demo11ApplicationTests" time="0.328"/>
  <system-out><![CDATA[11:31:34.132 [Test worker] INFO org.springframework.test.context.support.AnnotationConfigContextLoaderUtils -- Could not detect default configuration classes for test class [com.example.demo.Demo11ApplicationTests]: Demo11ApplicationTests does not declare any static, non-private, non-final, nested classes annotated with @Configuration.
11:31:34.338 [Test worker] INFO org.springframework.boot.test.context.SpringBootTestContextBootstrapper -- Found @SpringBootConfiguration com.example.demo.Demo11Application for test class com.example.demo.Demo11ApplicationTests

  .   ____          _            __ _ _
 /\\ / ___'_ __ _ _(_)_ __  __ _ \ \ \ \
( ( )\___ | '_ | '_| | '_ \/ _` | \ \ \ \
 \\/  ___)| |_)| | | | | || (_| |  ) ) ) )
  '  |____| .__|_| |_|_| |_\__, | / / / /
 =========|_|==============|___/=/_/_/_/

 :: Spring Boot ::                (v3.4.3)

2025-03-19T11:31:35.094+09:00  INFO 1416 --- [demo11] [    Test worker] c.example.demo.Demo11ApplicationTests    : Starting Demo11ApplicationTests using Java 21.0.6 with PID 1416 (started by User in C:\Users\User\IdeaProjects\demo11)
2025-03-19T11:31:35.097+09:00  INFO 1416 --- [demo11] [    Test worker] c.example.demo.Demo11ApplicationTests    : No active profile set, falling back to 1 default profile: "default"
2025-03-19T11:31:36.221+09:00  INFO 1416 --- [demo11] [    Test worker] .s.d.r.c.RepositoryConfigurationDelegate : Bootstrapping Spring Data JPA repositories in DEFAULT mode.
2025-03-19T11:31:36.338+09:00  INFO 1416 --- [demo11] [    Test worker] .s.d.r.c.RepositoryConfigurationDelegate : Finished Spring Data repository scanning in 95 ms. Found 2 JPA repository interfaces.
2025-03-19T11:31:37.083+09:00  INFO 1416 --- [demo11] [    Test worker] com.zaxxer.hikari.HikariDataSource       : HikariPool-1 - Starting...
2025-03-19T11:31:37.413+09:00  INFO 1416 --- [demo11] [    Test worker] com.zaxxer.hikari.pool.HikariPool        : HikariPool-1 - Added connection com.mysql.cj.jdbc.ConnectionImpl@565d7d2f
2025-03-19T11:31:37.419+09:00  INFO 1416 --- [demo11] [    Test worker] com.zaxxer.hikari.HikariDataSource       : HikariPool-1 - Start completed.
2025-03-19T11:31:37.534+09:00  INFO 1416 --- [demo11] [    Test worker] o.hibernate.jpa.internal.util.LogHelper  : HHH000204: Processing PersistenceUnitInfo [name: default]
2025-03-19T11:31:37.664+09:00  INFO 1416 --- [demo11] [    Test worker] org.hibernate.Version                    : HHH000412: Hibernate ORM core version 6.6.8.Final
2025-03-19T11:31:37.746+09:00  INFO 1416 --- [demo11] [    Test worker] o.h.c.internal.RegionFactoryInitiator    : HHH000026: Second-level cache disabled
2025-03-19T11:31:38.323+09:00  INFO 1416 --- [demo11] [    Test worker] o.s.o.j.p.SpringPersistenceUnitInfo      : No LoadTimeWeaver setup: ignoring JPA class transformer
2025-03-19T11:31:38.516+09:00  INFO 1416 --- [demo11] [    Test worker] org.hibernate.orm.connections.pooling    : HHH10001005: Database info:
	Database JDBC URL [Connecting through datasource 'HikariDataSource (HikariPool-1)']
	Database driver: undefined/unknown
	Database version: 8.0.41
	Autocommit mode: undefined/unknown
	Isolation level: undefined/unknown
	Minimum pool size: undefined/unknown
	Maximum pool size: undefined/unknown
2025-03-19T11:31:39.910+09:00  INFO 1416 --- [demo11] [    Test worker] o.h.e.t.j.p.i.JtaPlatformInitiator       : HHH000489: No JTA platform available (set 'hibernate.transaction.jta.platform' to enable JTA platform integration)
2025-03-19T11:31:39.915+09:00  INFO 1416 --- [demo11] [    Test worker] j.LocalContainerEntityManagerFactoryBean : Initialized JPA EntityManagerFactory for persistence unit 'default'
2025-03-19T11:31:40.550+09:00  WARN 1416 --- [demo11] [    Test worker] JpaBaseConfiguration$JpaWebConfiguration : spring.jpa.open-in-view is enabled by default. Therefore, database queries may be performed during view rendering. Explicitly configure spring.jpa.open-in-view to disable this warning
2025-03-19T11:31:41.117+09:00  INFO 1416 --- [demo11] [    Test worker] c.example.demo.Demo11ApplicationTests    : Started Demo11ApplicationTests in 6.488 seconds (process running for 8.664)
]]></system-out>
  <system-err><![CDATA[]]></system-err>
</testsuite>
